c:\users\turnh\documents\project2\project2\release\vc143.pdb
c:\users\turnh\documents\project2\project2\release\statemachine.obj
c:\users\turnh\documents\project2\project2\release\splashstate.obj
c:\users\turnh\documents\project2\project2\release\main_player.obj
c:\users\turnh\documents\project2\project2\release\mainmenustate.obj
c:\users\turnh\documents\project2\project2\release\main.obj
c:\users\turnh\documents\project2\project2\release\loadinggameobjects.obj
c:\users\turnh\documents\project2\project2\release\level.obj
c:\users\turnh\documents\project2\project2\release\inputmanager.obj
c:\users\turnh\documents\project2\project2\release\hud.obj
c:\users\turnh\documents\project2\project2\release\gun.obj
c:\users\turnh\documents\project2\project2\release\gameworld.obj
c:\users\turnh\documents\project2\project2\release\gamestate.obj
c:\users\turnh\documents\project2\project2\release\gameoverstate.obj
c:\users\turnh\documents\project2\project2\release\game.obj
c:\users\turnh\documents\project2\project2\release\entity_manager.obj
c:\users\turnh\documents\project2\project2\release\entity.obj
c:\users\turnh\documents\project2\project2\release\enemy.obj
c:\users\turnh\documents\project2\project2\release\bullet.obj
c:\users\turnh\documents\project2\project2\release\assetmanager.obj
c:\users\turnh\documents\project2\release\project2.exe
c:\users\turnh\documents\project2\project2\release\project2.ipdb
c:\users\turnh\documents\project2\project2\release\project2.iobj
c:\users\turnh\documents\project2\release\project2.pdb
c:\users\turnh\documents\project2\release\sfml-graphics-2.dll
c:\users\turnh\documents\project2\release\sfml-window-2.dll
c:\users\turnh\documents\project2\release\sfml-system-2.dll
c:\users\turnh\documents\project2\release\freetype.dll
c:\users\turnh\documents\project2\release\zlib1.dll
c:\users\turnh\documents\project2\release\bz2.dll
c:\users\turnh\documents\project2\release\libpng16.dll
c:\users\turnh\documents\project2\release\brotlidec.dll
c:\users\turnh\documents\project2\release\brotlicommon.dll
c:\users\turnh\documents\project2\release\sfml-audio-2.dll
c:\users\turnh\documents\project2\release\openal32.dll
c:\users\turnh\documents\project2\release\vorbisenc.dll
c:\users\turnh\documents\project2\release\vorbis.dll
c:\users\turnh\documents\project2\release\ogg.dll
c:\users\turnh\documents\project2\release\vorbisfile.dll
c:\users\turnh\documents\project2\release\flac.dll
c:\users\turnh\documents\project2\project2\release\project2.tlog\cl.command.1.tlog
c:\users\turnh\documents\project2\project2\release\project2.tlog\cl.read.1.tlog
c:\users\turnh\documents\project2\project2\release\project2.tlog\cl.write.1.tlog
c:\users\turnh\documents\project2\project2\release\project2.tlog\link.command.1.tlog
c:\users\turnh\documents\project2\project2\release\project2.tlog\link.read.1.tlog
c:\users\turnh\documents\project2\project2\release\project2.tlog\link.write.1.tlog
c:\users\turnh\documents\project2\project2\release\project2.tlog\project2.write.1u.tlog
