  GameState.cpp
C:\Users\turnh\source\repos\Project2\Project2\TileMap.hpp(34,67): warning C4244: 'argument': conversion from 'unsigned int' to 'T', possible loss of data
          with
          [
              T=float
          ]
C:\Users\turnh\source\repos\Project2\Project2\TileMap.hpp(34,51): warning C4244: 'argument': conversion from 'unsigned int' to 'T', possible loss of data
          with
          [
              T=float
          ]
C:\Users\turnh\source\repos\Project2\Project2\TileMap.hpp(35,73): warning C4244: 'argument': conversion from 'unsigned int' to 'T', possible loss of data
          with
          [
              T=float
          ]
C:\Users\turnh\source\repos\Project2\Project2\TileMap.hpp(35,57): warning C4244: 'argument': conversion from 'unsigned int' to 'T', possible loss of data
          with
          [
              T=float
          ]
C:\Users\turnh\source\repos\Project2\Project2\TileMap.hpp(36,79): warning C4244: 'argument': conversion from 'unsigned int' to 'T', possible loss of data
          with
          [
              T=float
          ]
C:\Users\turnh\source\repos\Project2\Project2\TileMap.hpp(36,57): warning C4244: 'argument': conversion from 'unsigned int' to 'T', possible loss of data
          with
          [
              T=float
          ]
C:\Users\turnh\source\repos\Project2\Project2\TileMap.hpp(37,73): warning C4244: 'argument': conversion from 'unsigned int' to 'T', possible loss of data
          with
          [
              T=float
          ]
C:\Users\turnh\source\repos\Project2\Project2\TileMap.hpp(37,51): warning C4244: 'argument': conversion from 'unsigned int' to 'T', possible loss of data
          with
          [
              T=float
          ]
C:\Users\turnh\source\repos\Project2\Project2\TileMap.hpp(40,70): warning C4244: 'argument': conversion from 'T' to 'T', possible loss of data
          with
          [
              T=unsigned int
          ]
          and
          [
              T=float
          ]
C:\Users\turnh\source\repos\Project2\Project2\TileMap.hpp(40,53): warning C4244: 'argument': conversion from 'T' to 'T', possible loss of data
          with
          [
              T=unsigned int
          ]
          and
          [
              T=float
          ]
C:\Users\turnh\source\repos\Project2\Project2\TileMap.hpp(41,76): warning C4244: 'argument': conversion from 'T' to 'T', possible loss of data
          with
          [
              T=unsigned int
          ]
          and
          [
              T=float
          ]
C:\Users\turnh\source\repos\Project2\Project2\TileMap.hpp(41,59): warning C4244: 'argument': conversion from 'T' to 'T', possible loss of data
          with
          [
              T=unsigned int
          ]
          and
          [
              T=float
          ]
C:\Users\turnh\source\repos\Project2\Project2\TileMap.hpp(42,82): warning C4244: 'argument': conversion from 'T' to 'T', possible loss of data
          with
          [
              T=unsigned int
          ]
          and
          [
              T=float
          ]
C:\Users\turnh\source\repos\Project2\Project2\TileMap.hpp(42,59): warning C4244: 'argument': conversion from 'T' to 'T', possible loss of data
          with
          [
              T=unsigned int
          ]
          and
          [
              T=float
          ]
C:\Users\turnh\source\repos\Project2\Project2\TileMap.hpp(43,76): warning C4244: 'argument': conversion from 'T' to 'T', possible loss of data
          with
          [
              T=unsigned int
          ]
          and
          [
              T=float
          ]
C:\Users\turnh\source\repos\Project2\Project2\TileMap.hpp(43,53): warning C4244: 'argument': conversion from 'T' to 'T', possible loss of data
          with
          [
              T=unsigned int
          ]
          and
          [
              T=float
          ]
  Generating code
  Previous IPDB and IOBJ mismatch, fall back to full compilation.
  All 2122 functions were compiled because no usable IPDB/IOBJ from previous compilation was found.
  Finished generating code
  Project2.vcxproj -> C:\Users\turnh\source\repos\Project2\Release\Project2.exe
