c:\users\turnh\source\repos\project2\project2\release\vc142.pdb
c:\users\turnh\source\repos\project2\project2\release\statemachine.obj
c:\users\turnh\source\repos\project2\project2\release\splashstate.obj
c:\users\turnh\source\repos\project2\project2\release\main_player.obj
c:\users\turnh\source\repos\project2\project2\release\mainmenustate.obj
c:\users\turnh\source\repos\project2\project2\release\main.obj
c:\users\turnh\source\repos\project2\project2\release\loadinggameobjects.obj
c:\users\turnh\source\repos\project2\project2\release\level.obj
c:\users\turnh\source\repos\project2\project2\release\inputmanager.obj
c:\users\turnh\source\repos\project2\project2\release\hud.obj
c:\users\turnh\source\repos\project2\project2\release\gun.obj
c:\users\turnh\source\repos\project2\project2\release\gameworld.obj
c:\users\turnh\source\repos\project2\project2\release\gamestate.obj
c:\users\turnh\source\repos\project2\project2\release\gameoverstate.obj
c:\users\turnh\source\repos\project2\project2\release\game.obj
c:\users\turnh\source\repos\project2\project2\release\entity_manager.obj
c:\users\turnh\source\repos\project2\project2\release\entity.obj
c:\users\turnh\source\repos\project2\project2\release\bullet.obj
c:\users\turnh\source\repos\project2\project2\release\assetmanager.obj
c:\users\turnh\source\repos\project2\release\project2.exe
c:\users\turnh\source\repos\project2\project2\release\project2.ipdb
c:\users\turnh\source\repos\project2\project2\release\project2.iobj
c:\users\turnh\source\repos\project2\release\project2.pdb
c:\users\turnh\source\repos\project2\project2\release\project2.tlog\cl.command.1.tlog
c:\users\turnh\source\repos\project2\project2\release\project2.tlog\cl.read.1.tlog
c:\users\turnh\source\repos\project2\project2\release\project2.tlog\cl.write.1.tlog
c:\users\turnh\source\repos\project2\project2\release\project2.tlog\link.command.1.tlog
c:\users\turnh\source\repos\project2\project2\release\project2.tlog\link.read.1.tlog
c:\users\turnh\source\repos\project2\project2\release\project2.tlog\link.write.1.tlog
