  AssetManager.cpp
C:\Users\turnh\source\repos\Project2\Project2\AssetManager.cpp(1,10): fatal error C1083: Cannot open include file: 'SFML/Graphics.hpp': No such file or directory
  Bullet.cpp
C:\Users\turnh\source\repos\Project2\Project2\GameWorld.hpp(3,10): fatal error C1083: Cannot open include file: 'SFML/Graphics.hpp': No such file or directory
  Enemy.cpp
C:\Users\turnh\source\repos\Project2\Project2\GameWorld.hpp(3,10): fatal error C1083: Cannot open include file: 'SFML/Graphics.hpp': No such file or directory
  Entity.cpp
C:\Users\turnh\source\repos\Project2\Project2\Entity.hpp(3,10): fatal error C1083: Cannot open include file: 'SFML/Graphics.hpp': No such file or directory
  Entity_Manager.cpp
C:\Users\turnh\source\repos\Project2\Project2\Entity_manager.hpp(7,10): fatal error C1083: Cannot open include file: 'box2d/box2d.h': No such file or directory
  Game.cpp
C:\Users\turnh\source\repos\Project2\Project2\Game.hpp(5,10): fatal error C1083: Cannot open include file: 'SFML/Graphics.hpp': No such file or directory
  GameOverState.cpp
C:\Users\turnh\source\repos\Project2\Project2\GameOverState.hpp(3,10): fatal error C1083: Cannot open include file: 'SFML/Graphics.hpp': No such file or directory
  GameState.cpp
C:\Users\turnh\source\repos\Project2\Project2\GameState.hpp(3,10): fatal error C1083: Cannot open include file: 'SFML/Graphics.hpp': No such file or directory
  GameWorld.cpp
C:\Users\turnh\source\repos\Project2\Project2\GameWorld.hpp(3,10): fatal error C1083: Cannot open include file: 'SFML/Graphics.hpp': No such file or directory
  Gun.cpp
C:\Users\turnh\source\repos\Project2\Project2\GameWorld.hpp(3,10): fatal error C1083: Cannot open include file: 'SFML/Graphics.hpp': No such file or directory
  HUD.cpp
C:\Users\turnh\source\repos\Project2\Project2\HUD.hpp(4,10): fatal error C1083: Cannot open include file: 'SFML/Graphics.hpp': No such file or directory
  InputManager.cpp
C:\Users\turnh\source\repos\Project2\Project2\InputManager.hpp(3,10): fatal error C1083: Cannot open include file: 'SFML/Graphics.hpp': No such file or directory
  level.cpp
C:\Users\turnh\source\repos\Project2\Project2\level.h(37,10): fatal error C1083: Cannot open include file: 'SFML/System.hpp': No such file or directory
  LoadingGameObjects.cpp
C:\Users\turnh\source\repos\Project2\Project2\LoadingGameObjects.hpp(4,10): fatal error C1083: Cannot open include file: 'SFML/Graphics.hpp': No such file or directory
  main.cpp
C:\Users\turnh\source\repos\Project2\Project2\Game.hpp(5,10): fatal error C1083: Cannot open include file: 'SFML/Graphics.hpp': No such file or directory
  MainMenuState.cpp
C:\Users\turnh\source\repos\Project2\Project2\MainMenuState.hpp(3,10): fatal error C1083: Cannot open include file: 'SFML/Graphics.hpp': No such file or directory
  Main_Player.cpp
C:\Users\turnh\source\repos\Project2\Project2\GameWorld.hpp(3,10): fatal error C1083: Cannot open include file: 'SFML/Graphics.hpp': No such file or directory
  SplashState.cpp
C:\Users\turnh\source\repos\Project2\Project2\SplashState.hpp(3,10): fatal error C1083: Cannot open include file: 'SFML/Graphics.hpp': No such file or directory
  StateMachine.cpp
