c:\users\turnh\source\repos\project2\project2\debug\vc142.pdb
c:\users\turnh\source\repos\project2\project2\debug\vc142.idb
c:\users\turnh\source\repos\project2\project2\debug\statemachine.obj
c:\users\turnh\source\repos\project2\project2\debug\splashstate.obj
c:\users\turnh\source\repos\project2\project2\debug\main_player.obj
c:\users\turnh\source\repos\project2\project2\debug\mainmenustate.obj
c:\users\turnh\source\repos\project2\project2\debug\main.obj
c:\users\turnh\source\repos\project2\project2\debug\loadinggameobjects.obj
c:\users\turnh\source\repos\project2\project2\debug\inputmanager.obj
c:\users\turnh\source\repos\project2\project2\debug\hud.obj
c:\users\turnh\source\repos\project2\project2\debug\gun.obj
c:\users\turnh\source\repos\project2\project2\debug\gameworld.obj
c:\users\turnh\source\repos\project2\project2\debug\gamestate.obj
c:\users\turnh\source\repos\project2\project2\debug\gameoverstate.obj
c:\users\turnh\source\repos\project2\project2\debug\game.obj
c:\users\turnh\source\repos\project2\project2\debug\entity_manager.obj
c:\users\turnh\source\repos\project2\project2\debug\entity.obj
c:\users\turnh\source\repos\project2\project2\debug\bullet.obj
c:\users\turnh\source\repos\project2\project2\debug\assetmanager.obj
c:\users\turnh\source\repos\project2\debug\project2.exe
c:\users\turnh\source\repos\project2\project2\debug\project2.ilk
c:\users\turnh\source\repos\project2\debug\project2.pdb
c:\users\turnh\source\repos\project2\project2\debug\project2.tlog\cl.command.1.tlog
c:\users\turnh\source\repos\project2\project2\debug\project2.tlog\cl.read.1.tlog
c:\users\turnh\source\repos\project2\project2\debug\project2.tlog\cl.write.1.tlog
c:\users\turnh\source\repos\project2\project2\debug\project2.tlog\link.command.1.tlog
c:\users\turnh\source\repos\project2\project2\debug\project2.tlog\link.read.1.tlog
c:\users\turnh\source\repos\project2\project2\debug\project2.tlog\link.write.1.tlog
