c:\users\turnh\source\repos\come_on_now\come_on_now\release\vc142.pdb
c:\users\turnh\source\repos\come_on_now\come_on_now\release\statemachine.obj
c:\users\turnh\source\repos\come_on_now\come_on_now\release\mainmenustate.obj
c:\users\turnh\source\repos\come_on_now\come_on_now\release\main.obj
c:\users\turnh\source\repos\come_on_now\come_on_now\release\land.obj
c:\users\turnh\source\repos\come_on_now\come_on_now\release\inputmanager.obj
c:\users\turnh\source\repos\come_on_now\come_on_now\release\hud.obj
c:\users\turnh\source\repos\come_on_now\come_on_now\release\flash.obj
c:\users\turnh\source\repos\come_on_now\come_on_now\release\assetmanager.obj
c:\users\turnh\source\repos\come_on_now\come_on_now\release\splashstate.obj
c:\users\turnh\source\repos\come_on_now\come_on_now\release\main_player.obj
c:\users\turnh\source\repos\come_on_now\come_on_now\release\loadinggameobjects.obj
c:\users\turnh\source\repos\come_on_now\come_on_now\release\gun.obj
c:\users\turnh\source\repos\come_on_now\come_on_now\release\gameworld.obj
c:\users\turnh\source\repos\come_on_now\come_on_now\release\gamestate.obj
c:\users\turnh\source\repos\come_on_now\come_on_now\release\gameoverstate.obj
c:\users\turnh\source\repos\come_on_now\come_on_now\release\game.obj
c:\users\turnh\source\repos\come_on_now\come_on_now\release\entity_manager.obj
c:\users\turnh\source\repos\come_on_now\come_on_now\release\entity.obj
c:\users\turnh\source\repos\come_on_now\come_on_now\release\enemy.obj
c:\users\turnh\source\repos\come_on_now\come_on_now\release\bullet.obj
c:\users\turnh\source\repos\come_on_now\release\come_on_now.exe
c:\users\turnh\source\repos\come_on_now\come_on_now\release\come_on_now.iobj
c:\users\turnh\source\repos\come_on_now\release\come_on_now.pdb
c:\users\turnh\source\repos\come_on_now\come_on_now\release\come_on_now.ipdb
c:\users\turnh\source\repos\come_on_now\come_on_now\release\come_on_now.tlog\cl.command.1.tlog
c:\users\turnh\source\repos\come_on_now\come_on_now\release\come_on_now.tlog\cl.read.1.tlog
c:\users\turnh\source\repos\come_on_now\come_on_now\release\come_on_now.tlog\cl.write.1.tlog
c:\users\turnh\source\repos\come_on_now\come_on_now\release\come_on_now.tlog\link.command.1.tlog
c:\users\turnh\source\repos\come_on_now\come_on_now\release\come_on_now.tlog\link.read.1.tlog
c:\users\turnh\source\repos\come_on_now\come_on_now\release\come_on_now.tlog\link.write.1.tlog
