  Game.cpp
C:\Users\turnh\source\repos\Project2\Project2\TileMap.hpp(34,67): warning C4244: 'argument': conversion from 'unsigned int' to 'T', possible loss of data
          with
          [
              T=float
          ]
C:\Users\turnh\source\repos\Project2\Project2\TileMap.hpp(34,51): warning C4244: 'argument': conversion from 'unsigned int' to 'T', possible loss of data
          with
          [
              T=float
          ]
C:\Users\turnh\source\repos\Project2\Project2\TileMap.hpp(35,73): warning C4244: 'argument': conversion from 'unsigned int' to 'T', possible loss of data
          with
          [
              T=float
          ]
C:\Users\turnh\source\repos\Project2\Project2\TileMap.hpp(35,57): warning C4244: 'argument': conversion from 'unsigned int' to 'T', possible loss of data
          with
          [
              T=float
          ]
C:\Users\turnh\source\repos\Project2\Project2\TileMap.hpp(36,79): warning C4244: 'argument': conversion from 'unsigned int' to 'T', possible loss of data
          with
          [
              T=float
          ]
C:\Users\turnh\source\repos\Project2\Project2\TileMap.hpp(36,57): warning C4244: 'argument': conversion from 'unsigned int' to 'T', possible loss of data
          with
          [
              T=float
          ]
C:\Users\turnh\source\repos\Project2\Project2\TileMap.hpp(37,73): warning C4244: 'argument': conversion from 'unsigned int' to 'T', possible loss of data
          with
          [
              T=float
          ]
C:\Users\turnh\source\repos\Project2\Project2\TileMap.hpp(37,51): warning C4244: 'argument': conversion from 'unsigned int' to 'T', possible loss of data
          with
          [
              T=float
          ]
C:\Users\turnh\source\repos\Project2\Project2\TileMap.hpp(40,70): warning C4244: 'argument': conversion from 'T' to 'T', possible loss of data
          with
          [
              T=unsigned int
          ]
          and
          [
              T=float
          ]
C:\Users\turnh\source\repos\Project2\Project2\TileMap.hpp(40,53): warning C4244: 'argument': conversion from 'T' to 'T', possible loss of data
          with
          [
              T=unsigned int
          ]
          and
          [
              T=float
          ]
C:\Users\turnh\source\repos\Project2\Project2\TileMap.hpp(41,76): warning C4244: 'argument': conversion from 'T' to 'T', possible loss of data
          with
          [
              T=unsigned int
          ]
          and
          [
              T=float
          ]
C:\Users\turnh\source\repos\Project2\Project2\TileMap.hpp(41,59): warning C4244: 'argument': conversion from 'T' to 'T', possible loss of data
          with
          [
              T=unsigned int
          ]
          and
          [
              T=float
          ]
C:\Users\turnh\source\repos\Project2\Project2\TileMap.hpp(42,82): warning C4244: 'argument': conversion from 'T' to 'T', possible loss of data
          with
          [
              T=unsigned int
          ]
          and
          [
              T=float
          ]
C:\Users\turnh\source\repos\Project2\Project2\TileMap.hpp(42,59): warning C4244: 'argument': conversion from 'T' to 'T', possible loss of data
          with
          [
              T=unsigned int
          ]
          and
          [
              T=float
          ]
C:\Users\turnh\source\repos\Project2\Project2\TileMap.hpp(43,76): warning C4244: 'argument': conversion from 'T' to 'T', possible loss of data
          with
          [
              T=unsigned int
          ]
          and
          [
              T=float
          ]
C:\Users\turnh\source\repos\Project2\Project2\TileMap.hpp(43,53): warning C4244: 'argument': conversion from 'T' to 'T', possible loss of data
          with
          [
              T=unsigned int
          ]
          and
          [
              T=float
          ]
C:\Users\turnh\source\repos\Project2\Project2\Game.cpp(12,13): warning C4244: 'argument': conversion from 'time_t' to 'unsigned int', possible loss of data
C:\Users\turnh\source\repos\Project2\Project2\Game.cpp(26,13): warning C4244: 'argument': conversion from 'time_t' to 'unsigned int', possible loss of data
C:\Users\turnh\source\repos\Project2\Project2\Game.cpp(52,13): warning C4244: 'argument': conversion from 'time_t' to 'unsigned int', possible loss of data
  Project2.vcxproj -> C:\Users\turnh\source\repos\Project2\Debug\Project2.exe
