c:\users\turnh\source\repos\come_on_now\come_on_now\debug\vc142.pdb
c:\users\turnh\source\repos\come_on_now\come_on_now\debug\vc142.idb
c:\users\turnh\source\repos\come_on_now\come_on_now\debug\main.obj
c:\users\turnh\source\repos\come_on_now\come_on_now\debug\statemachine.obj
c:\users\turnh\source\repos\come_on_now\come_on_now\debug\splashstate.obj
c:\users\turnh\source\repos\come_on_now\come_on_now\debug\player.obj
c:\users\turnh\source\repos\come_on_now\come_on_now\debug\main_player.obj
c:\users\turnh\source\repos\come_on_now\come_on_now\debug\loadinggameobjects.obj
c:\users\turnh\source\repos\come_on_now\come_on_now\debug\land.obj
c:\users\turnh\source\repos\come_on_now\come_on_now\debug\inputmanager.obj
c:\users\turnh\source\repos\come_on_now\come_on_now\debug\hud.obj
c:\users\turnh\source\repos\come_on_now\come_on_now\debug\gun.obj
c:\users\turnh\source\repos\come_on_now\come_on_now\debug\gameworld.obj
c:\users\turnh\source\repos\come_on_now\come_on_now\debug\flash.obj
c:\users\turnh\source\repos\come_on_now\come_on_now\debug\entity_manager.obj
c:\users\turnh\source\repos\come_on_now\come_on_now\debug\entity.obj
c:\users\turnh\source\repos\come_on_now\come_on_now\debug\bullet.obj
c:\users\turnh\source\repos\come_on_now\come_on_now\debug\assetmanager.obj
c:\users\turnh\source\repos\come_on_now\come_on_now\debug\mainmenustate.obj
c:\users\turnh\source\repos\come_on_now\come_on_now\debug\gameoverstate.obj
c:\users\turnh\source\repos\come_on_now\come_on_now\debug\game.obj
c:\users\turnh\source\repos\come_on_now\come_on_now\debug\gamestate.obj
c:\users\turnh\source\repos\come_on_now\come_on_now\debug\come_on_now.ilk
c:\users\turnh\source\repos\come_on_now\debug\come_on_now.exe
c:\users\turnh\source\repos\come_on_now\debug\come_on_now.pdb
c:\users\turnh\source\repos\come_on_now\come_on_now\debug\come_on_now.tlog\cl.command.1.tlog
c:\users\turnh\source\repos\come_on_now\come_on_now\debug\come_on_now.tlog\cl.read.1.tlog
c:\users\turnh\source\repos\come_on_now\come_on_now\debug\come_on_now.tlog\cl.write.1.tlog
c:\users\turnh\source\repos\come_on_now\come_on_now\debug\come_on_now.tlog\link.command.1.tlog
c:\users\turnh\source\repos\come_on_now\come_on_now\debug\come_on_now.tlog\link.read.1.tlog
c:\users\turnh\source\repos\come_on_now\come_on_now\debug\come_on_now.tlog\link.write.1.tlog
