  Bullet.cpp
  Flash.cpp
G:\win_SFML\win\Flash.cpp(17,15): warning C4244: 'initializing': conversion from 'float' to 'int', possible loss of data
G:\win_SFML\win\Flash.cpp(21,14): warning C4244: '=': conversion from 'float' to 'int', possible loss of data
G:\win_SFML\win\Flash.cpp(31,15): warning C4244: 'initializing': conversion from 'float' to 'int', possible loss of data
G:\win_SFML\win\Flash.cpp(35,14): warning C4244: '=': conversion from 'float' to 'int', possible loss of data
  Game.cpp
G:\win_SFML\win\TileMap.hpp(34,67): warning C4244: 'argument': conversion from 'unsigned int' to 'T', possible loss of data
          with
          [
              T=float
          ]
G:\win_SFML\win\TileMap.hpp(34,51): warning C4244: 'argument': conversion from 'unsigned int' to 'T', possible loss of data
          with
          [
              T=float
          ]
G:\win_SFML\win\TileMap.hpp(35,73): warning C4244: 'argument': conversion from 'unsigned int' to 'T', possible loss of data
          with
          [
              T=float
          ]
G:\win_SFML\win\TileMap.hpp(35,57): warning C4244: 'argument': conversion from 'unsigned int' to 'T', possible loss of data
          with
          [
              T=float
          ]
G:\win_SFML\win\TileMap.hpp(36,79): warning C4244: 'argument': conversion from 'unsigned int' to 'T', possible loss of data
          with
          [
              T=float
          ]
G:\win_SFML\win\TileMap.hpp(36,57): warning C4244: 'argument': conversion from 'unsigned int' to 'T', possible loss of data
          with
          [
              T=float
          ]
G:\win_SFML\win\TileMap.hpp(37,73): warning C4244: 'argument': conversion from 'unsigned int' to 'T', possible loss of data
          with
          [
              T=float
          ]
G:\win_SFML\win\TileMap.hpp(37,51): warning C4244: 'argument': conversion from 'unsigned int' to 'T', possible loss of data
          with
          [
              T=float
          ]
G:\win_SFML\win\TileMap.hpp(40,70): warning C4244: 'argument': conversion from 'T' to 'T', possible loss of data
          with
          [
              T=unsigned int
          ]
          and
          [
              T=float
          ]
G:\win_SFML\win\TileMap.hpp(40,53): warning C4244: 'argument': conversion from 'T' to 'T', possible loss of data
          with
          [
              T=unsigned int
          ]
          and
          [
              T=float
          ]
G:\win_SFML\win\TileMap.hpp(41,76): warning C4244: 'argument': conversion from 'T' to 'T', possible loss of data
          with
          [
              T=unsigned int
          ]
          and
          [
              T=float
          ]
G:\win_SFML\win\TileMap.hpp(41,59): warning C4244: 'argument': conversion from 'T' to 'T', possible loss of data
          with
          [
              T=unsigned int
          ]
          and
          [
              T=float
          ]
G:\win_SFML\win\TileMap.hpp(42,82): warning C4244: 'argument': conversion from 'T' to 'T', possible loss of data
          with
          [
              T=unsigned int
          ]
          and
          [
              T=float
          ]
G:\win_SFML\win\TileMap.hpp(42,59): warning C4244: 'argument': conversion from 'T' to 'T', possible loss of data
          with
          [
              T=unsigned int
          ]
          and
          [
              T=float
          ]
G:\win_SFML\win\TileMap.hpp(43,76): warning C4244: 'argument': conversion from 'T' to 'T', possible loss of data
          with
          [
              T=unsigned int
          ]
          and
          [
              T=float
          ]
G:\win_SFML\win\TileMap.hpp(43,53): warning C4244: 'argument': conversion from 'T' to 'T', possible loss of data
          with
          [
              T=unsigned int
          ]
          and
          [
              T=float
          ]
G:\win_SFML\win\Game.cpp(12,13): warning C4244: 'argument': conversion from 'time_t' to 'unsigned int', possible loss of data
G:\win_SFML\win\Game.cpp(26,13): warning C4244: 'argument': conversion from 'time_t' to 'unsigned int', possible loss of data
G:\win_SFML\win\Game.cpp(52,13): warning C4244: 'argument': conversion from 'time_t' to 'unsigned int', possible loss of data
  GameOverState.cpp
G:\win_SFML\win\TileMap.hpp(34,67): warning C4244: 'argument': conversion from 'unsigned int' to 'T', possible loss of data
          with
          [
              T=float
          ]
G:\win_SFML\win\TileMap.hpp(34,51): warning C4244: 'argument': conversion from 'unsigned int' to 'T', possible loss of data
          with
          [
              T=float
          ]
G:\win_SFML\win\TileMap.hpp(35,73): warning C4244: 'argument': conversion from 'unsigned int' to 'T', possible loss of data
          with
          [
              T=float
          ]
G:\win_SFML\win\TileMap.hpp(35,57): warning C4244: 'argument': conversion from 'unsigned int' to 'T', possible loss of data
          with
          [
              T=float
          ]
G:\win_SFML\win\TileMap.hpp(36,79): warning C4244: 'argument': conversion from 'unsigned int' to 'T', possible loss of data
          with
          [
              T=float
          ]
G:\win_SFML\win\TileMap.hpp(36,57): warning C4244: 'argument': conversion from 'unsigned int' to 'T', possible loss of data
          with
          [
              T=float
          ]
G:\win_SFML\win\TileMap.hpp(37,73): warning C4244: 'argument': conversion from 'unsigned int' to 'T', possible loss of data
          with
          [
              T=float
          ]
G:\win_SFML\win\TileMap.hpp(37,51): warning C4244: 'argument': conversion from 'unsigned int' to 'T', possible loss of data
          with
          [
              T=float
          ]
G:\win_SFML\win\TileMap.hpp(40,70): warning C4244: 'argument': conversion from 'T' to 'T', possible loss of data
          with
          [
              T=unsigned int
          ]
          and
          [
              T=float
          ]
G:\win_SFML\win\TileMap.hpp(40,53): warning C4244: 'argument': conversion from 'T' to 'T', possible loss of data
          with
          [
              T=unsigned int
          ]
          and
          [
              T=float
          ]
G:\win_SFML\win\TileMap.hpp(41,76): warning C4244: 'argument': conversion from 'T' to 'T', possible loss of data
          with
          [
              T=unsigned int
          ]
          and
          [
              T=float
          ]
G:\win_SFML\win\TileMap.hpp(41,59): warning C4244: 'argument': conversion from 'T' to 'T', possible loss of data
          with
          [
              T=unsigned int
          ]
          and
          [
              T=float
          ]
G:\win_SFML\win\TileMap.hpp(42,82): warning C4244: 'argument': conversion from 'T' to 'T', possible loss of data
          with
          [
              T=unsigned int
          ]
          and
          [
              T=float
          ]
G:\win_SFML\win\TileMap.hpp(42,59): warning C4244: 'argument': conversion from 'T' to 'T', possible loss of data
          with
          [
              T=unsigned int
          ]
          and
          [
              T=float
          ]
G:\win_SFML\win\TileMap.hpp(43,76): warning C4244: 'argument': conversion from 'T' to 'T', possible loss of data
          with
          [
              T=unsigned int
          ]
          and
          [
              T=float
          ]
G:\win_SFML\win\TileMap.hpp(43,53): warning C4244: 'argument': conversion from 'T' to 'T', possible loss of data
          with
          [
              T=unsigned int
          ]
          and
          [
              T=float
          ]
G:\win_SFML\win\GameOverState.cpp(69,52): warning C4244: 'argument': conversion from 'double' to 'float', possible loss of data
G:\win_SFML\win\GameOverState.cpp(76,60): warning C4244: 'argument': conversion from 'double' to 'float', possible loss of data
G:\win_SFML\win\GameOverState.cpp(86,31): warning C4244: 'argument': conversion from 'double' to 'float', possible loss of data
G:\win_SFML\win\GameOverState.cpp(85,57): warning C4244: 'argument': conversion from 'double' to 'float', possible loss of data
G:\win_SFML\win\GameOverState.cpp(95,31): warning C4244: 'argument': conversion from 'double' to 'float', possible loss of data
G:\win_SFML\win\GameOverState.cpp(94,61): warning C4244: 'argument': conversion from 'double' to 'float', possible loss of data
  GameState.cpp
G:\win_SFML\win\TileMap.hpp(34,67): warning C4244: 'argument': conversion from 'unsigned int' to 'T', possible loss of data
          with
          [
              T=float
          ]
G:\win_SFML\win\TileMap.hpp(34,51): warning C4244: 'argument': conversion from 'unsigned int' to 'T', possible loss of data
          with
          [
              T=float
          ]
G:\win_SFML\win\TileMap.hpp(35,73): warning C4244: 'argument': conversion from 'unsigned int' to 'T', possible loss of data
          with
          [
              T=float
          ]
G:\win_SFML\win\TileMap.hpp(35,57): warning C4244: 'argument': conversion from 'unsigned int' to 'T', possible loss of data
          with
          [
              T=float
          ]
G:\win_SFML\win\TileMap.hpp(36,79): warning C4244: 'argument': conversion from 'unsigned int' to 'T', possible loss of data
          with
          [
              T=float
          ]
G:\win_SFML\win\TileMap.hpp(36,57): warning C4244: 'argument': conversion from 'unsigned int' to 'T', possible loss of data
          with
          [
              T=float
          ]
G:\win_SFML\win\TileMap.hpp(37,73): warning C4244: 'argument': conversion from 'unsigned int' to 'T', possible loss of data
          with
          [
              T=float
          ]
G:\win_SFML\win\TileMap.hpp(37,51): warning C4244: 'argument': conversion from 'unsigned int' to 'T', possible loss of data
          with
          [
              T=float
          ]
G:\win_SFML\win\TileMap.hpp(40,70): warning C4244: 'argument': conversion from 'T' to 'T', possible loss of data
          with
          [
              T=unsigned int
          ]
          and
          [
              T=float
          ]
G:\win_SFML\win\TileMap.hpp(40,53): warning C4244: 'argument': conversion from 'T' to 'T', possible loss of data
          with
          [
              T=unsigned int
          ]
          and
          [
              T=float
          ]
G:\win_SFML\win\TileMap.hpp(41,76): warning C4244: 'argument': conversion from 'T' to 'T', possible loss of data
          with
          [
              T=unsigned int
          ]
          and
          [
              T=float
          ]
G:\win_SFML\win\TileMap.hpp(41,59): warning C4244: 'argument': conversion from 'T' to 'T', possible loss of data
          with
          [
              T=unsigned int
          ]
          and
          [
              T=float
          ]
G:\win_SFML\win\TileMap.hpp(42,82): warning C4244: 'argument': conversion from 'T' to 'T', possible loss of data
          with
          [
              T=unsigned int
          ]
          and
          [
              T=float
          ]
G:\win_SFML\win\TileMap.hpp(42,59): warning C4244: 'argument': conversion from 'T' to 'T', possible loss of data
          with
          [
              T=unsigned int
          ]
          and
          [
              T=float
          ]
G:\win_SFML\win\TileMap.hpp(43,76): warning C4244: 'argument': conversion from 'T' to 'T', possible loss of data
          with
          [
              T=unsigned int
          ]
          and
          [
              T=float
          ]
G:\win_SFML\win\TileMap.hpp(43,53): warning C4244: 'argument': conversion from 'T' to 'T', possible loss of data
          with
          [
              T=unsigned int
          ]
          and
          [
              T=float
          ]
  GameWorld.cpp
G:\win_SFML\win\GameWorld.cpp(441,63): warning C4244: 'argument': conversion from 'double' to 'sf::Int32', possible loss of data
G:\win_SFML\win\GameWorld.cpp(382,58): warning C4101: 'level_5': unreferenced local variable
G:\win_SFML\win\GameWorld.cpp(382,22): warning C4101: 'level_1': unreferenced local variable
G:\win_SFML\win\GameWorld.cpp(382,49): warning C4101: 'level_4': unreferenced local variable
G:\win_SFML\win\GameWorld.cpp(382,40): warning C4101: 'level_3': unreferenced local variable
G:\win_SFML\win\GameWorld.cpp(382,31): warning C4101: 'level_2': unreferenced local variable
G:\win_SFML\win\GameWorld.cpp(383,22): warning C4101: 'tap': unreferenced local variable
G:\win_SFML\win\GameWorld.cpp(485,32): warning C4018: '<': signed/unsigned mismatch
G:\win_SFML\win\GameWorld.cpp(533,32): warning C4018: '<': signed/unsigned mismatch
  Gun.cpp
  HUD.cpp
G:\win_SFML\win\HUD.cpp(15,83): warning C4244: 'argument': conversion from 'T' to 'float', possible loss of data
          with
          [
              T=unsigned int
          ]
G:\win_SFML\win\HUD.cpp(15,52): warning C4244: 'argument': conversion from 'T' to 'float', possible loss of data
          with
          [
              T=unsigned int
          ]
  Land.cpp
G:\win_SFML\win\Land.cpp(30,50): warning C4244: 'argument': conversion from 'T' to 'T', possible loss of data
          with
          [
              T=unsigned int
          ]
          and
          [
              T=float
          ]
  LoadingGameObjects.cpp
G:\win_SFML\win\LoadingGameObjects.cpp(21,25): warning C4101: 'gw': unreferenced local variable
G:\win_SFML\win\LoadingGameObjects.cpp(26,67): warning C4101: 'pApp': unreferenced local variable
G:\win_SFML\win\LoadingGameObjects.cpp(26,56): warning C4101: 'pProcess': unreferenced local variable
G:\win_SFML\win\LoadingGameObjects.cpp(26,74): warning C4101: 'pLineFormat': unreferenced local variable
G:\win_SFML\win\LoadingGameObjects.cpp(78,29): warning C4101: 'gw': unreferenced local variable
G:\win_SFML\win\LoadingGameObjects.cpp(83,67): warning C4101: 'pApp': unreferenced local variable
G:\win_SFML\win\LoadingGameObjects.cpp(83,56): warning C4101: 'pProcess': unreferenced local variable
G:\win_SFML\win\LoadingGameObjects.cpp(83,74): warning C4101: 'pLineFormat': unreferenced local variable
G:\win_SFML\win\LoadingGameObjects.cpp(137,29): warning C4101: 'pw': unreferenced local variable
G:\win_SFML\win\LoadingGameObjects.cpp(145,67): warning C4101: 'pApp': unreferenced local variable
G:\win_SFML\win\LoadingGameObjects.cpp(145,56): warning C4101: 'pProcess': unreferenced local variable
G:\win_SFML\win\LoadingGameObjects.cpp(145,74): warning C4101: 'pLineFormat': unreferenced local variable
G:\win_SFML\win\LoadingGameObjects.cpp(310,29): warning C4101: 'gw': unreferenced local variable
G:\win_SFML\win\LoadingGameObjects.cpp(315,67): warning C4101: 'pApp': unreferenced local variable
G:\win_SFML\win\LoadingGameObjects.cpp(315,56): warning C4101: 'pProcess': unreferenced local variable
G:\win_SFML\win\LoadingGameObjects.cpp(315,74): warning C4101: 'pLineFormat': unreferenced local variable
  MainMenuState.cpp
G:\win_SFML\win\TileMap.hpp(34,67): warning C4244: 'argument': conversion from 'unsigned int' to 'T', possible loss of data
          with
          [
              T=float
          ]
G:\win_SFML\win\TileMap.hpp(34,51): warning C4244: 'argument': conversion from 'unsigned int' to 'T', possible loss of data
          with
          [
              T=float
          ]
G:\win_SFML\win\TileMap.hpp(35,73): warning C4244: 'argument': conversion from 'unsigned int' to 'T', possible loss of data
          with
          [
              T=float
          ]
G:\win_SFML\win\TileMap.hpp(35,57): warning C4244: 'argument': conversion from 'unsigned int' to 'T', possible loss of data
          with
          [
              T=float
          ]
G:\win_SFML\win\TileMap.hpp(36,79): warning C4244: 'argument': conversion from 'unsigned int' to 'T', possible loss of data
          with
          [
              T=float
          ]
G:\win_SFML\win\TileMap.hpp(36,57): warning C4244: 'argument': conversion from 'unsigned int' to 'T', possible loss of data
          with
          [
              T=float
          ]
G:\win_SFML\win\TileMap.hpp(37,73): warning C4244: 'argument': conversion from 'unsigned int' to 'T', possible loss of data
          with
          [
              T=float
          ]
G:\win_SFML\win\TileMap.hpp(37,51): warning C4244: 'argument': conversion from 'unsigned int' to 'T', possible loss of data
          with
          [
              T=float
          ]
G:\win_SFML\win\TileMap.hpp(40,70): warning C4244: 'argument': conversion from 'T' to 'T', possible loss of data
          with
          [
              T=unsigned int
          ]
          and
          [
              T=float
          ]
G:\win_SFML\win\TileMap.hpp(40,53): warning C4244: 'argument': conversion from 'T' to 'T', possible loss of data
          with
          [
              T=unsigned int
          ]
          and
          [
              T=float
          ]
G:\win_SFML\win\TileMap.hpp(41,76): warning C4244: 'argument': conversion from 'T' to 'T', possible loss of data
          with
          [
              T=unsigned int
          ]
          and
          [
              T=float
          ]
G:\win_SFML\win\TileMap.hpp(41,59): warning C4244: 'argument': conversion from 'T' to 'T', possible loss of data
          with
          [
              T=unsigned int
          ]
          and
          [
              T=float
          ]
G:\win_SFML\win\TileMap.hpp(42,82): warning C4244: 'argument': conversion from 'T' to 'T', possible loss of data
          with
          [
              T=unsigned int
          ]
          and
          [
              T=float
          ]
G:\win_SFML\win\TileMap.hpp(42,59): warning C4244: 'argument': conversion from 'T' to 'T', possible loss of data
          with
          [
              T=unsigned int
          ]
          and
          [
              T=float
          ]
G:\win_SFML\win\TileMap.hpp(43,76): warning C4244: 'argument': conversion from 'T' to 'T', possible loss of data
          with
          [
              T=unsigned int
          ]
          and
          [
              T=float
          ]
G:\win_SFML\win\TileMap.hpp(43,53): warning C4244: 'argument': conversion from 'T' to 'T', possible loss of data
          with
          [
              T=unsigned int
          ]
          and
          [
              T=float
          ]
  Main_Player.cpp
  Player.cpp
G:\win_SFML\win\Player.cpp(164,32): warning C4018: '<': signed/unsigned mismatch
  SplashState.cpp
  main.cpp
  Generating Code...
G:\win_SFML\win\Player.cpp(221): warning C4715: 'Sekander::Player::Collision_Touch': not all control paths return a value
G:\win_SFML\win\GameWorld.cpp(458): warning C4715: 'Sekander::GameWorld::pressure_sensitive_KEY_PRESS': not all control paths return a value
  COME_ON_NOW.vcxproj -> C:\Users\turnh\source\repos\COME_ON_NOW\Debug\COME_ON_NOW.exe
